30-03-2023 15:23:04 - server.js:[error]: SIGINT
31-03-2023 11:50:48 - router.js:[error]: Token Error - Token Expired. Please update your token
31-03-2023 11:50:48 - resformat.js:[info]: Responding... : {"status":400,"error":"Token Error - Token Expired. Please update your token"}
31-03-2023 11:51:34 - secure.controller.js:[info]: registerToken called...
31-03-2023 11:51:34 - resformat.js:[info]: Responding... : {}
31-03-2023 11:51:34 - server.js:[error]: RangeError [ERR_HTTP_INVALID_STATUS_CODE]: Invalid status code: undefined
31-03-2023 11:52:11 - secure.controller.js:[info]: registerToken called...
31-03-2023 11:52:11 - resformat.js:[info]: Responding... : {}
31-03-2023 11:54:27 - resformat.js:[info]: Responding... : {"status":200,"values":"Welcome to Integration Hub."}
31-03-2023 11:56:08 - secure.controller.js:[info]: registerToken called...
31-03-2023 11:56:08 - resformat.js:[info]: Responding... : {}
31-03-2023 11:59:33 - secure.controller.js:[info]: registerToken called...
31-03-2023 11:59:33 - resformat.js:[info]: Responding... : {}
31-03-2023 12:00:48 - resformat.js:[info]: Responding... : {}
31-03-2023 12:02:22 - secure.controller.js:[info]: registerToken called...
31-03-2023 12:02:22 - resformat.js:[info]: Responding... : {}
31-03-2023 12:02:45 - secure.controller.js:[info]: registerToken called...
31-03-2023 12:02:45 - resformat.js:[info]: Responding... : {}
31-03-2023 12:03:08 - secure.controller.js:[info]: registerToken called...
31-03-2023 12:03:08 - resformat.js:[info]: Responding... : {}
31-03-2023 12:12:30 - secure.controller.js:[info]: registerToken called...
31-03-2023 12:12:30 - resformat.js:[info]: Responding... : {}
31-03-2023 12:12:44 - secure.controller.js:[info]: registerToken called...
31-03-2023 12:12:44 - resformat.js:[info]: Responding... : {}
31-03-2023 12:14:55 - secure.controller.js:[info]: registerToken called...
31-03-2023 12:14:55 - resformat.js:[info]: Responding... : {}
31-03-2023 16:25:22 - secure.controller.js:[info]: registerToken called...
31-03-2023 16:25:22 - resformat.js:[info]: Responding... : {}
31-03-2023 16:28:42 - secure.controller.js:[info]: registerToken called...
31-03-2023 16:28:42 - resformat.js:[info]: Responding... : {}
31-03-2023 16:28:51 - secure.controller.js:[info]: registerToken called...
31-03-2023 16:28:51 - resformat.js:[info]: Responding... : {"status":200,"values":{"success":true,"message":"Authentication successful!"}}
31-03-2023 16:29:23 - secure.controller.js:[info]: registerToken called...
31-03-2023 16:29:23 - resformat.js:[info]: Responding... : {}
31-03-2023 16:31:37 - secure.controller.js:[info]: registerToken called...
31-03-2023 16:31:37 - resformat.js:[info]: Responding... : {}
31-03-2023 16:46:35 - secure.controller.js:[info]: registerToken called...
31-03-2023 16:46:35 - resformat.js:[info]: Responding... : {"status":200,"values":{"success":true,"message":"Authentication successful!","token":"eyJhbGciOiJIUzI1NiIsInR5cCI6IkpXVCJ9.eyJuYW1lIjoiY2VydGlpZnkiLCJpYXQiOjE2ODAyNTIzOTV9.rAI1h0w60IQrb0whwgzzTdMHSSOyQ5JutWwQQAwMDE0"}}
31-03-2023 16:47:09 - router.js:[error]: Token Error - Token Expired. Please update your token
31-03-2023 16:47:09 - resformat.js:[info]: Responding... : {"status":400,"error":"Token Error - Token Expired. Please update your token"}
31-03-2023 16:48:15 - router.js:[error]: Token Error - Token Expired. Please update your token
31-03-2023 16:48:15 - resformat.js:[info]: Responding... : {"status":400,"error":"Token Error - Token Expired. Please update your token"}
31-03-2023 16:48:57 - router.js:[error]: Token Error - Token Expired. Please update your token
31-03-2023 16:48:57 - resformat.js:[info]: Responding... : {"status":400,"error":"Token Error - Token Expired. Please update your token"}
31-03-2023 16:49:01 - router.js:[error]: Token Error - Token Expired. Please update your token
31-03-2023 16:49:01 - resformat.js:[info]: Responding... : {"status":400,"error":"Token Error - Token Expired. Please update your token"}
31-03-2023 16:54:32 - router.js:[error]: Token Error - Token Expired. Please update your token
31-03-2023 16:54:32 - resformat.js:[info]: Responding... : {"status":400,"error":"Token Error - Token Expired. Please update your token"}
31-03-2023 16:55:54 - router.js:[error]: Token Error - Token Expired. Please update your token
31-03-2023 16:55:54 - resformat.js:[info]: Responding... : {"status":400,"error":"Token Error - Token Expired. Please update your token"}
31-03-2023 16:56:47 - router.js:[error]: Token Error - Token Expired. Please update your token
31-03-2023 16:56:47 - resformat.js:[info]: Responding... : {"status":400,"error":"Token Error - Token Expired. Please update your token"}
31-03-2023 16:57:51 - secure.controller.js:[info]: registerToken called...
31-03-2023 16:57:51 - resformat.js:[info]: Responding... : {"status":200,"values":{"success":true,"message":"Authentication successful!","token":"eyJhbGciOiJIUzI1NiIsInR5cCI6IkpXVCJ9.eyJuYW1lIjoiY2VydGlpZnkiLCJpYXQiOjE2ODAyNTMwNzF9.9Zvq-d0NL5LHJ54npbsCjdNLLb5AMXtA9RMNZwMvCVg"}}
31-03-2023 16:58:05 - router.js:[error]: Token Error - Token Expired. Please update your token
31-03-2023 16:58:05 - resformat.js:[info]: Responding... : {"status":400,"error":"Token Error - Token Expired. Please update your token"}
31-03-2023 16:58:46 - router.js:[error]: Token Error - Token Expired. Please update your token
31-03-2023 16:58:46 - resformat.js:[info]: Responding... : {"status":400,"error":"Token Error - Token Expired. Please update your token"}
31-03-2023 17:05:28 - router.js:[error]: Token Error - Token Expired. Please update your token
31-03-2023 17:05:28 - resformat.js:[info]: Responding... : {"status":400,"error":"Token Error - Token Expired. Please update your token"}
31-03-2023 17:05:34 - router.js:[error]: Token Error - Token Expired. Please update your token
31-03-2023 17:05:34 - resformat.js:[info]: Responding... : {"status":400,"error":"Token Error - Token Expired. Please update your token"}
31-03-2023 17:06:47 - router.js:[error]: Token Error - Token Expired. Please update your token
31-03-2023 17:06:47 - resformat.js:[info]: Responding... : {"status":400,"error":"Token Error - Token Expired. Please update your token"}
31-03-2023 17:07:14 - router.js:[error]: Token Error - Token Expired. Please update your token
31-03-2023 17:07:14 - resformat.js:[info]: Responding... : {"status":400,"error":"Token Error - Token Expired. Please update your token"}
31-03-2023 17:34:00 - router.js:[error]: Token Error - Token Expired. Please update your token
31-03-2023 17:34:00 - resformat.js:[info]: Responding... : {"status":400,"error":"Token Error - Token Expired. Please update your token"}
31-03-2023 21:01:55 - router.js:[error]: Token Error - Token Expired. Please update your token
31-03-2023 21:01:55 - resformat.js:[info]: Responding... : {"status":400,"error":"Token Error - Token Expired. Please update your token"}
31-03-2023 21:02:48 - router.js:[error]: Token Error - Token Expired. Please update your token
31-03-2023 21:02:48 - resformat.js:[info]: Responding... : {"status":400,"error":"Token Error - Token Expired. Please update your token"}
31-03-2023 21:05:03 - router.js:[error]: Token Error - Token Expired. Please update your token
31-03-2023 21:05:03 - resformat.js:[info]: Responding... : {"status":400,"error":"Token Error - Token Expired. Please update your token"}
31-03-2023 21:05:59 - router.js:[error]: Token Error - Token Expired. Please update your token
31-03-2023 21:05:59 - resformat.js:[info]: Responding... : {"status":400,"error":"Token Error - Token Expired. Please update your token"}
31-03-2023 21:06:11 - thorshammer.nontransaction.js:[info]: web3.eth.getBlockNumber requested
31-03-2023 21:26:01 - thorshammer.nontransaction.js:[info]: web3.*.net.getPeerCount requested
31-03-2023 22:36:35 - router.js:[error]: Token Error - Token Expired. Please update your token
31-03-2023 22:36:35 - resformat.js:[info]: Responding... : {"status":400,"error":"Token Error - Token Expired. Please update your token"}
31-03-2023 22:36:49 - thorshammer.nontransaction.js:[info]: web3.*.net.getPeerCount requested
31-03-2023 22:40:22 - thorshammer.nontransaction.js:[info]: web3.*.net.getPeerCount requested
31-03-2023 22:45:29 - thorshammer.nontransaction.js:[info]: web3.*.net.getPeerCount requested
31-03-2023 22:56:28 - thorshammer.nontransaction.js:[info]: web3.*.net.getPeerCount requested
31-03-2023 22:56:38 - thorshammer.nontransaction.js:[info]: web3.*.net.getPeerCount requested
31-03-2023 23:00:41 - thorshammer.nontransaction.js:[info]: web3.*.net.getPeerCount requested
31-03-2023 23:00:41 - resformat.js:[info]: Responding... : {"status":200,"values":1}
31-03-2023 23:00:57 - thorshammer.nontransaction.js:[info]: web3.eth.getBlockNumber requested
31-03-2023 23:00:58 - resformat.js:[info]: Responding... : {"status":200,"values":210302}
